Launcher3/app/build/outputs/logs/manifest-merger-debug-report.txt
-- Merging decision tree log ---
manifest
ADDED from AndroidManifest.xml:20:1
	package
		ADDED from AndroidManifest.xml:22:5
		INJECTED from AndroidManifest.xml:0:0
		INJECTED from AndroidManifest.xml:0:0
	android:versionName
		INJECTED from AndroidManifest.xml:0:0
		INJECTED from AndroidManifest.xml:0:0
	xmlns:android
		ADDED from AndroidManifest.xml:21:5
	android:versionCode
		INJECTED from AndroidManifest.xml:0:0
		INJECTED from AndroidManifest.xml:0:0
uses-sdk
ADDED from AndroidManifest.xml:24:5
	android:targetSdkVersion
		ADDED from AndroidManifest.xml:24:42
		INJECTED from AndroidManifest.xml:0:0
		INJECTED from AndroidManifest.xml:0:0
	android:minSdkVersion
		ADDED from AndroidManifest.xml:24:15
		INJECTED from AndroidManifest.xml:0:0
		INJECTED from AndroidManifest.xml:0:0
permission#com.bang.launcher3.permission.PRELOAD_WORKSPACE
ADDED from AndroidManifest.xml:26:5
	android:permissionGroup
		ADDED from AndroidManifest.xml:28:9
	android:name
		ADDED from AndroidManifest.xml:27:9
permission#com.bang.launcher.permission.INSTALL_SHORTCUT
ADDED from AndroidManifest.xml:31:5
	android:label
		ADDED from AndroidManifest.xml:35:9
	android:protectionLevel
		ADDED from AndroidManifest.xml:34:9
	android:permissionGroup
		ADDED from AndroidManifest.xml:33:9
	android:description
		ADDED from AndroidManifest.xml:36:9
	android:name
		ADDED from AndroidManifest.xml:32:9
permission#com.bang.launcher.permission.UNINSTALL_SHORTCUT
ADDED from AndroidManifest.xml:37:5
	android:label
		ADDED from AndroidManifest.xml:41:9
	android:protectionLevel
		ADDED from AndroidManifest.xml:40:9
	android:permissionGroup
		ADDED from AndroidManifest.xml:39:9
	android:description
		ADDED from AndroidManifest.xml:42:9
	android:name
		ADDED from AndroidManifest.xml:38:9
permission#com.bang.launcher3.permission.READ_SETTINGS
ADDED from AndroidManifest.xml:43:5
	android:label
		ADDED from AndroidManifest.xml:47:9
	android:protectionLevel
		ADDED from AndroidManifest.xml:46:9
	android:permissionGroup
		ADDED from AndroidManifest.xml:45:9
	android:description
		ADDED from AndroidManifest.xml:48:9
	android:name
		ADDED from AndroidManifest.xml:44:9
permission#com.bang.launcher3.permission.WRITE_SETTINGS
ADDED from AndroidManifest.xml:49:5
	android:label
		ADDED from AndroidManifest.xml:53:9
	android:protectionLevel
		ADDED from AndroidManifest.xml:52:9
	android:permissionGroup
		ADDED from AndroidManifest.xml:51:9
	android:description
		ADDED from AndroidManifest.xml:54:9
	android:name
		ADDED from AndroidManifest.xml:50:9
permission#com.bang.launcher3.permission.RECEIVE_LAUNCH_BROADCASTS
ADDED from AndroidManifest.xml:56:5
	android:protectionLevel
		ADDED from AndroidManifest.xml:58:9
	android:name
		ADDED from AndroidManifest.xml:57:9
uses-permission#android.permission.CALL_PHONE
ADDED from AndroidManifest.xml:61:5
	android:name
		ADDED from AndroidManifest.xml:61:22
uses-permission#android.permission.SET_WALLPAPER
ADDED from AndroidManifest.xml:62:5
	android:name
		ADDED from AndroidManifest.xml:62:22
uses-permission#android.permission.SET_WALLPAPER_HINTS
ADDED from AndroidManifest.xml:63:5
	android:name
		ADDED from AndroidManifest.xml:63:22
uses-permission#android.permission.VIBRATE
ADDED from AndroidManifest.xml:64:5
	android:name
		ADDED from AndroidManifest.xml:64:22
uses-permission#android.permission.BIND_APPWIDGET
ADDED from AndroidManifest.xml:65:5
	android:name
		ADDED from AndroidManifest.xml:65:22
uses-permission#android.permission.GET_ACCOUNTS
ADDED from AndroidManifest.xml:66:5
	android:name
		ADDED from AndroidManifest.xml:66:22
uses-permission#android.permission.READ_EXTERNAL_STORAGE
ADDED from AndroidManifest.xml:67:5
	android:name
		ADDED from AndroidManifest.xml:67:22
uses-permission#com.bang.launcher.permission.READ_SETTINGS
ADDED from AndroidManifest.xml:68:5
	android:name
		ADDED from AndroidManifest.xml:68:22
uses-permission#com.bang.launcher.permission.WRITE_SETTINGS
ADDED from AndroidManifest.xml:69:5
	android:name
		ADDED from AndroidManifest.xml:69:22
uses-permission#com.bang.launcher3.permission.READ_SETTINGS
ADDED from AndroidManifest.xml:70:5
	android:name
		ADDED from AndroidManifest.xml:70:22
uses-permission#com.bang.launcher3.permission.WRITE_SETTINGS
ADDED from AndroidManifest.xml:71:5
	android:name
		ADDED from AndroidManifest.xml:71:22
uses-permission#com.bang.launcher3.permission.RECEIVE_LAUNCH_BROADCASTS
ADDED from AndroidManifest.xml:72:5
	android:name
		ADDED from AndroidManifest.xml:72:22
application
ADDED from AndroidManifest.xml:74:5
	android:label
		ADDED from AndroidManifest.xml:76:9
	android:supportsRtl
		ADDED from AndroidManifest.xml:80:9
	android:hardwareAccelerated
		ADDED from AndroidManifest.xml:78:9
	android:icon
		ADDED from AndroidManifest.xml:77:9
	android:largeHeap
		ADDED from AndroidManifest.xml:79:9
	android:name
		ADDED from AndroidManifest.xml:75:9
activity#com.bang.launcher3.Launcher
ADDED from AndroidManifest.xml:81:9
	android:clearTaskOnLaunch
		ADDED from AndroidManifest.xml:84:13
	android:screenOrientation
		ADDED from AndroidManifest.xml:88:13
	android:stateNotNeeded
		ADDED from AndroidManifest.xml:85:13
	android:launchMode
		ADDED from AndroidManifest.xml:83:13
	android:windowSoftInputMode
		ADDED from AndroidManifest.xml:87:13
	android:theme
		ADDED from AndroidManifest.xml:86:13
	android:name
		ADDED from AndroidManifest.xml:82:13
intent-filter#android.intent.action.MAIN+android.intent.category.DEFAULT+android.intent.category.HOME+android.intent.category.LAUNCHER+android.intent.category.MONKEY
ADDED from AndroidManifest.xml:89:13
action#android.intent.action.MAIN
ADDED from AndroidManifest.xml:90:17
	android:name
		ADDED from AndroidManifest.xml:90:25
category#android.intent.category.HOME
ADDED from AndroidManifest.xml:91:17
	android:name
		ADDED from AndroidManifest.xml:91:27
category#android.intent.category.LAUNCHER
ADDED from AndroidManifest.xml:92:17
	android:name
		ADDED from AndroidManifest.xml:92:27
category#android.intent.category.DEFAULT
ADDED from AndroidManifest.xml:93:17
	android:name
		ADDED from AndroidManifest.xml:93:27
category#android.intent.category.MONKEY
ADDED from AndroidManifest.xml:94:17
	android:name
		ADDED from AndroidManifest.xml:94:27
activity#com.bang.launcher3.ToggleWeightWatcher
ADDED from AndroidManifest.xml:98:9
	android:enabled
		ADDED from AndroidManifest.xml:101:13
	android:label
		ADDED from AndroidManifest.xml:100:13
	android:icon
		ADDED from AndroidManifest.xml:102:13
	android:name
		ADDED from AndroidManifest.xml:99:13
intent-filter#android.intent.action.MAIN+android.intent.category.DEFAULT+android.intent.category.LAUNCHER
ADDED from AndroidManifest.xml:103:13
activity#com.bang.launcher3.WallpaperPickerActivity
ADDED from AndroidManifest.xml:110:9
	android:finishOnCloseSystemDialogs
		ADDED from AndroidManifest.xml:115:13
	android:process
		ADDED from AndroidManifest.xml:116:13
	android:label
		ADDED from AndroidManifest.xml:113:13
	android:icon
		ADDED from AndroidManifest.xml:114:13
	android:theme
		ADDED from AndroidManifest.xml:112:13
	android:name
		ADDED from AndroidManifest.xml:111:13
intent-filter#android.intent.action.SET_WALLPAPER+android.intent.category.DEFAULT
ADDED from AndroidManifest.xml:117:13
action#android.intent.action.SET_WALLPAPER
ADDED from AndroidManifest.xml:118:17
	android:name
		ADDED from AndroidManifest.xml:118:25
activity#com.bang.launcher3.WallpaperCropActivity
ADDED from AndroidManifest.xml:123:9
	android:finishOnCloseSystemDialogs
		ADDED from AndroidManifest.xml:128:13
	android:process
		ADDED from AndroidManifest.xml:129:13
	android:label
		ADDED from AndroidManifest.xml:126:13
	android:icon
		ADDED from AndroidManifest.xml:127:13
	android:theme
		ADDED from AndroidManifest.xml:125:13
	android:name
		ADDED from AndroidManifest.xml:124:13
intent-filter#android.intent.category.DEFAULT+android.service.wallpaper.CROP_AND_SET_WALLPAPER
ADDED from AndroidManifest.xml:130:13
action#android.service.wallpaper.CROP_AND_SET_WALLPAPER
ADDED from AndroidManifest.xml:131:17
	android:name
		ADDED from AndroidManifest.xml:131:25
data
ADDED from AndroidManifest.xml:133:17
	android:mimeType
		ADDED from AndroidManifest.xml:133:23
activity#com.bang.launcher3.MemoryDumpActivity
ADDED from AndroidManifest.xml:138:9
	android:enabled
		ADDED from AndroidManifest.xml:142:13
	android:label
		ADDED from AndroidManifest.xml:141:13
	android:excludeFromRecents
		ADDED from AndroidManifest.xml:143:13
	android:icon
		ADDED from AndroidManifest.xml:144:13
	android:theme
		ADDED from AndroidManifest.xml:140:13
	android:name
		ADDED from AndroidManifest.xml:139:13
service#com.bang.launcher3.MemoryTracker
ADDED from AndroidManifest.xml:153:9
	android:enabled
		ADDED from AndroidManifest.xml:154:13
	android:name
		ADDED from AndroidManifest.xml:153:18
receiver#com.bang.launcher3.PreloadReceiver
ADDED from AndroidManifest.xml:159:9
	android:permission
		ADDED from AndroidManifest.xml:161:13
	android:name
		ADDED from AndroidManifest.xml:160:13
intent-filter#com.bang.launcher3.action.PRELOAD_WORKSPACE
ADDED from AndroidManifest.xml:162:13
action#com.bang.launcher3.action.PRELOAD_WORKSPACE
ADDED from AndroidManifest.xml:163:17
	android:name
		ADDED from AndroidManifest.xml:163:25
receiver#com.bang.launcher3.InstallShortcutReceiver
ADDED from AndroidManifest.xml:169:9
	android:permission
		ADDED from AndroidManifest.xml:171:13
	android:name
		ADDED from AndroidManifest.xml:170:13
intent-filter#com.bang.launcher3.action.INSTALL_SHORTCUT
ADDED from AndroidManifest.xml:172:13
action#com.bang.launcher3.action.INSTALL_SHORTCUT
ADDED from AndroidManifest.xml:173:17
	android:name
		ADDED from AndroidManifest.xml:173:25
receiver#com.bang.launcher3.UninstallShortcutReceiver
ADDED from AndroidManifest.xml:179:9
	android:permission
		ADDED from AndroidManifest.xml:181:13
	android:name
		ADDED from AndroidManifest.xml:180:13
intent-filter#com.bang.launcher3.action.UNINSTALL_SHORTCUT
ADDED from AndroidManifest.xml:182:13
action#com.bang.launcher3.action.UNINSTALL_SHORTCUT
ADDED from AndroidManifest.xml:183:17
	android:name
		ADDED from AndroidManifest.xml:183:25
receiver#com.bang.launcher3.UserInitializeReceiver
ADDED from AndroidManifest.xml:188:9
	android:exported
		ADDED from AndroidManifest.xml:190:13
	android:name
		ADDED from AndroidManifest.xml:189:13
intent-filter#android.intent.action.USER_INITIALIZE
ADDED from AndroidManifest.xml:191:13
action#android.intent.action.USER_INITIALIZE
ADDED from AndroidManifest.xml:192:17
	android:name
		ADDED from AndroidManifest.xml:192:25
receiver#com.bang.launcher3.PackageChangedReceiver
ADDED from AndroidManifest.xml:196:9
	android:name
		ADDED from AndroidManifest.xml:196:19
intent-filter#android.intent.action.PACKAGE_CHANGED+android.intent.action.PACKAGE_REMOVED+android.intent.action.PACKAGE_REPLACED
ADDED from AndroidManifest.xml:197:13
action#android.intent.action.PACKAGE_CHANGED
ADDED from AndroidManifest.xml:198:17
	android:name
		ADDED from AndroidManifest.xml:198:25
action#android.intent.action.PACKAGE_REPLACED
ADDED from AndroidManifest.xml:199:17
	android:name
		ADDED from AndroidManifest.xml:199:25
action#android.intent.action.PACKAGE_REMOVED
ADDED from AndroidManifest.xml:200:17
	android:name
		ADDED from AndroidManifest.xml:200:25
provider#com.bang.launcher3.LauncherProvider
ADDED from AndroidManifest.xml:206:9
	android:readPermission
		ADDED from AndroidManifest.xml:211:13
	android:authorities
		ADDED from AndroidManifest.xml:208:13
	android:exported
		ADDED from AndroidManifest.xml:209:13
	android:name
		ADDED from AndroidManifest.xml:207:13
	android:writePermission
		ADDED from AndroidManifest.xml:210:13
meta-data#android.nfc.disable_beam_default
ADDED from AndroidManifest.xml:213:9
	android:value
		ADDED from AndroidManifest.xml:214:24
	android:name
		ADDED from AndroidManifest.xml:213:20